<?xml version="1.0" encoding="UTF-8"?>
<!-- Generated by org.testng.reporters.JUnitXMLReporter -->
<testsuite ignored="0" hostname="Ban-1Skaliya-M.local" failures="1" tests="1" name="Test" time="11.134" errors="0" timestamp="10 Jan 2018 13:44:03 GMT">
  <testcase classname="com.tivo.KG.KGTest" name="test" time="11.117">
    <failure type="java.lang.AssertionError" message="{&amp;quot;Result&amp;quot;:[{&amp;quot;Status&amp;quot;:false,&amp;quot;Gi&amp;quot;:&amp;quot;D2010&amp;quot;,&amp;quot;Expected Vt&amp;quot;:&amp;quot;decade&amp;quot;,&amp;quot;Actual Vt&amp;quot;:&amp;quot;null&amp;quot;},{&amp;quot;Status&amp;quot;:false,&amp;quot;Gi&amp;quot;:&amp;quot;D2010&amp;quot;,&amp;quot;Expected Xt&amp;quot;:&amp;quot;&amp;quot;,&amp;quot;Actual Xt&amp;quot;:&amp;quot;null&amp;quot;}]} expected [false] but found [true]">
      <![CDATA[java.lang.AssertionError: {"Result":[{"Status":false,"Gi":"D2010","Expected Vt":"decade","Actual Vt":"null"},{"Status":false,"Gi":"D2010","Expected Xt":"","Actual Xt":"null"}]} expected [false] but found [true]
	at com.tivo.KG.KGTest.test(KGTest.java:44)
... Removed 30 stack frames]]>
    </failure>
  </testcase> <!-- test -->
</testsuite> <!-- Test -->
